<?xml version="1.0" encoding="UTF-8"?>
<!-- Generated by org.testng.reporters.JUnitReportReporter -->
<testsuite hostname="HSC-3QCPZF2" failures="0" tests="1" name="com.selenium.test.PositiveTests" time="37.019" errors="0" timestamp="24 Apr 2021 14:30:12 GMT" skipped="0">
  <testcase classname="com.selenium.test.PositiveTests" name="loginTest" time="37.019"/>
</testsuite> <!-- com.selenium.test.PositiveTests -->
