<?xml version="1.0" encoding="UTF-8"?>
<!-- Generated by org.testng.reporters.JUnitReportReporter -->
<testsuite hostname="HSC-3QCPZF2" failures="0" tests="2" name="com.selenium.test.NegativeTests" time="37.464" errors="0" timestamp="24 Apr 2021 14:31:03 GMT" skipped="0">
  <testcase classname="com.selenium.test.NegativeTests" name="incorrectUsernameTest" time="16.087"/>
  <testcase classname="com.selenium.test.NegativeTests" name="incorrectPasswordTest" time="21.377"/>
</testsuite> <!-- com.selenium.test.NegativeTests -->
